error: Ese no es mi nombre :( {"service":"user-service"}
error: Ese no es mi nombre :( {"service":"user-service"}
error: Ese no es mi nombre :( {"service":"user-service"}
error: Ese no es mi nombre :( {"service":"user-service"}
error: Ese no es mi nombre :( {"service":"user-service"}
error: Ese no es mi nombre :( {"service":"user-service"}
error: Ese no es mi nombre :( {"service":"user-service"}
error: Ese no es mi nombre :( {"service":"user-service"}
info: Tienes razon, es mi nombre :) {"service":"user-service"}
info: Tienes razon, es mi nombre :) {"service":"user-service"}
info: Pon un nombre en mi valor {"service":"user-service"}
info: Buen intento parker, eso es un numero {"service":"user-service"}
info: Buen intento parker, eso es un numero {"service":"user-service"}
error: logger.w is not a function {"service":"user-service"}
error: logger.wa is not a function {"service":"user-service"}
warn: Buen intento parker, eso es un numero {"service":"user-service"}
warn: Buen intento parker, eso es un numero {"service":"user-service"}
info: Pon un nombre en mi valor {"service":"user-service"}
info: Pon un nombre en mi valor {"service":"user-service"}
error: Ese no es mi nombre :( {"service":"user-service"}
error: Ese no es mi nombre :( {"service":"user-service"}
error: Ese no es mi nombre :( {"service":"user-service"}
error: Ese no es mi nombre :( {"service":"user-service"}
